2026-02-26 16:07:47.862 [INFO ] 4076 --- [restartedMain] com.erpapp.app.ErpApplication            : [logStarting:53] Starting ErpApplication using Java 21.0.10 with PID 4076 (D:\workspace-sts\springboot-study\ErpApp\module-app\target\classes started by P088454 in D:\workspace-sts\springboot-study\ErpApp\module-app)
2026-02-26 16:07:47.862 [INFO ] 4076 --- [restartedMain] com.erpapp.app.ErpApplication            : [logStartupProfileInfo:652] No active profile set, falling back to 1 default profile: "default"
2026-02-26 16:07:47.948 [INFO ] 4076 --- [restartedMain] o.s.b.w.e.tomcat.TomcatWebServer         : [initialize:111] Tomcat initialized with port 8081 (http)
2026-02-26 16:07:47.949 [INFO ] 4076 --- [restartedMain] o.a.coyote.http11.Http11NioProtocol      : [log:173] Initializing ProtocolHandler ["http-nio-8081"]
2026-02-26 16:07:47.950 [INFO ] 4076 --- [restartedMain] o.a.catalina.core.StandardService        : [log:173] Starting service [Tomcat]
2026-02-26 16:07:47.950 [INFO ] 4076 --- [restartedMain] o.a.catalina.core.StandardEngine         : [log:173] Starting Servlet engine: [Apache Tomcat/10.1.34]
2026-02-26 16:07:47.957 [INFO ] 4076 --- [restartedMain] o.a.c.c.C.[Tomcat].[localhost].[/]       : [log:173] Initializing Spring embedded WebApplicationContext
2026-02-26 16:07:47.957 [INFO ] 4076 --- [restartedMain] w.s.c.ServletWebServerApplicationContext : [prepareWebApplicationContext:296] Root WebApplicationContext: initialization completed in 94 ms
2026-02-26 16:07:47.992 [INFO ] 4076 --- [restartedMain] o.s.b.d.a.OptionalLiveReloadServer       : [startServer:59] LiveReload server is running on port 35729
2026-02-26 16:07:47.995 [INFO ] 4076 --- [restartedMain] o.a.coyote.http11.Http11NioProtocol      : [log:173] Starting ProtocolHandler ["http-nio-8081"]
2026-02-26 16:07:47.999 [INFO ] 4076 --- [restartedMain] o.s.b.w.e.tomcat.TomcatWebServer         : [start:243] Tomcat started on port 8081 (http) with context path '/'
2026-02-26 16:07:48.001 [INFO ] 4076 --- [restartedMain] com.erpapp.app.ErpApplication            : [logStarted:59] Started ErpApplication in 0.157 seconds (process running for 117.616)
2026-02-26 16:07:48.002 [INFO ] 4076 --- [restartedMain] .ConditionEvaluationDeltaLoggingListener : [onApplicationEvent:63] Condition evaluation unchanged
2026-02-26 16:07:51.457 [INFO ] 4076 --- [File Watcher] rtingClassPathChangeChangedEventListener : [onApplicationEvent:211] Restarting due to 1 class path change (0 additions, 0 deletions, 1 modification)
2026-02-26 16:07:51.458 [INFO ] 4076 --- [Thread-11] o.s.b.w.e.tomcat.GracefulShutdown        : [shutDownGracefully:54] Commencing graceful shutdown. Waiting for active requests to complete
2026-02-26 16:07:51.458 [INFO ] 4076 --- [tomcat-shutdown] o.a.coyote.http11.Http11NioProtocol      : [log:173] Pausing ProtocolHandler ["http-nio-8081"]
2026-02-26 16:07:51.463 [INFO ] 4076 --- [tomcat-shutdown] o.s.b.w.e.tomcat.GracefulShutdown        : [doShutdown:76] Graceful shutdown complete
2026-02-26 16:07:51.464 [INFO ] 4076 --- [Thread-11] o.a.coyote.http11.Http11NioProtocol      : [log:173] Stopping ProtocolHandler ["http-nio-8081"]
2026-02-26 16:07:51.533 [INFO ] 4076 --- [restartedMain] com.erpapp.app.ErpApplication            : [logStarting:53] Starting ErpApplication using Java 21.0.10 with PID 4076 (D:\workspace-sts\springboot-study\ErpApp\module-app\target\classes started by P088454 in D:\workspace-sts\springboot-study\ErpApp\module-app)
2026-02-26 16:07:51.534 [INFO ] 4076 --- [restartedMain] com.erpapp.app.ErpApplication            : [logStartupProfileInfo:652] No active profile set, falling back to 1 default profile: "default"
2026-02-26 16:07:51.625 [INFO ] 4076 --- [restartedMain] o.s.b.w.e.tomcat.TomcatWebServer         : [initialize:111] Tomcat initialized with port 8081 (http)
2026-02-26 16:07:51.626 [INFO ] 4076 --- [restartedMain] o.a.coyote.http11.Http11NioProtocol      : [log:173] Initializing ProtocolHandler ["http-nio-8081"]
2026-02-26 16:07:51.626 [INFO ] 4076 --- [restartedMain] o.a.catalina.core.StandardService        : [log:173] Starting service [Tomcat]
2026-02-26 16:07:51.626 [INFO ] 4076 --- [restartedMain] o.a.catalina.core.StandardEngine         : [log:173] Starting Servlet engine: [Apache Tomcat/10.1.34]
2026-02-26 16:07:51.645 [INFO ] 4076 --- [restartedMain] o.a.c.c.C.[Tomcat].[localhost].[/]       : [log:173] Initializing Spring embedded WebApplicationContext
2026-02-26 16:07:51.645 [INFO ] 4076 --- [restartedMain] w.s.c.ServletWebServerApplicationContext : [prepareWebApplicationContext:296] Root WebApplicationContext: initialization completed in 110 ms
2026-02-26 16:07:51.679 [INFO ] 4076 --- [restartedMain] o.s.b.d.a.OptionalLiveReloadServer       : [startServer:59] LiveReload server is running on port 35729
2026-02-26 16:07:51.682 [INFO ] 4076 --- [restartedMain] o.a.coyote.http11.Http11NioProtocol      : [log:173] Starting ProtocolHandler ["http-nio-8081"]
2026-02-26 16:07:51.685 [INFO ] 4076 --- [restartedMain] o.s.b.w.e.tomcat.TomcatWebServer         : [start:243] Tomcat started on port 8081 (http) with context path '/'
2026-02-26 16:07:51.688 [INFO ] 4076 --- [restartedMain] com.erpapp.app.ErpApplication            : [logStarted:59] Started ErpApplication in 0.193 seconds (process running for 121.302)
2026-02-26 16:07:51.690 [INFO ] 4076 --- [restartedMain] .ConditionEvaluationDeltaLoggingListener : [onApplicationEvent:63] Condition evaluation unchanged
2026-02-26 16:07:53.518 [INFO ] 4076 --- [RMI TCP Connection(12)-127.0.0.1] inMXBeanRegistrar$SpringApplicationAdmin : [shutdown:159] Application shutdown requested.
2026-02-26 16:07:53.519 [INFO ] 4076 --- [RMI TCP Connection(12)-127.0.0.1] o.s.b.w.e.tomcat.GracefulShutdown        : [shutDownGracefully:54] Commencing graceful shutdown. Waiting for active requests to complete
2026-02-26 16:07:53.519 [INFO ] 4076 --- [tomcat-shutdown] o.a.coyote.http11.Http11NioProtocol      : [log:173] Pausing ProtocolHandler ["http-nio-8081"]
2026-02-26 16:07:53.524 [INFO ] 4076 --- [tomcat-shutdown] o.s.b.w.e.tomcat.GracefulShutdown        : [doShutdown:76] Graceful shutdown complete
2026-02-26 16:07:53.525 [INFO ] 4076 --- [RMI TCP Connection(12)-127.0.0.1] o.a.coyote.http11.Http11NioProtocol      : [log:173] Stopping ProtocolHandler ["http-nio-8081"]
2026-02-26 16:07:55.912 [INFO ] 18552 --- [restartedMain] com.erpapp.app.ErpApplication            : [logStarting:53] Starting ErpApplication using Java 21.0.10 with PID 18552 (D:\workspace-sts\springboot-study\ErpApp\module-app\target\classes started by P088454 in D:\workspace-sts\springboot-study\ErpApp\module-app)
2026-02-26 16:07:55.914 [INFO ] 18552 --- [restartedMain] com.erpapp.app.ErpApplication            : [logStartupProfileInfo:652] No active profile set, falling back to 1 default profile: "default"
2026-02-26 16:07:55.948 [INFO ] 18552 --- [restartedMain] .e.DevToolsPropertyDefaultsPostProcessor : [logTo:252] Devtools property defaults active! Set 'spring.devtools.add-properties' to 'false' to disable
2026-02-26 16:07:55.948 [INFO ] 18552 --- [restartedMain] .e.DevToolsPropertyDefaultsPostProcessor : [logTo:252] For additional web related logging consider setting the 'logging.level.web' property to 'DEBUG'
2026-02-26 16:07:56.559 [INFO ] 18552 --- [restartedMain] o.s.b.w.e.tomcat.TomcatWebServer         : [initialize:111] Tomcat initialized with port 8081 (http)
2026-02-26 16:07:56.568 [INFO ] 18552 --- [restartedMain] o.a.coyote.http11.Http11NioProtocol      : [log:173] Initializing ProtocolHandler ["http-nio-8081"]
2026-02-26 16:07:56.570 [INFO ] 18552 --- [restartedMain] o.a.catalina.core.StandardService        : [log:173] Starting service [Tomcat]
2026-02-26 16:07:56.570 [INFO ] 18552 --- [restartedMain] o.a.catalina.core.StandardEngine         : [log:173] Starting Servlet engine: [Apache Tomcat/10.1.34]
2026-02-26 16:07:56.612 [INFO ] 18552 --- [restartedMain] o.a.c.c.C.[Tomcat].[localhost].[/]       : [log:173] Initializing Spring embedded WebApplicationContext
2026-02-26 16:07:56.612 [INFO ] 18552 --- [restartedMain] w.s.c.ServletWebServerApplicationContext : [prepareWebApplicationContext:296] Root WebApplicationContext: initialization completed in 663 ms
2026-02-26 16:07:56.841 [INFO ] 18552 --- [restartedMain] o.s.b.d.a.OptionalLiveReloadServer       : [startServer:59] LiveReload server is running on port 35729
2026-02-26 16:07:56.850 [INFO ] 18552 --- [restartedMain] o.a.coyote.http11.Http11NioProtocol      : [log:173] Starting ProtocolHandler ["http-nio-8081"]
2026-02-26 16:07:56.864 [INFO ] 18552 --- [restartedMain] o.s.b.w.e.tomcat.TomcatWebServer         : [start:243] Tomcat started on port 8081 (http) with context path '/'
2026-02-26 16:07:56.870 [INFO ] 18552 --- [restartedMain] com.erpapp.app.ErpApplication            : [logStarted:59] Started ErpApplication in 1.316 seconds (process running for 1.801)
2026-02-26 16:07:59.998 [INFO ] 18552 --- [http-nio-8081-exec-1] o.a.c.c.C.[Tomcat].[localhost].[/]       : [log:173] Initializing Spring DispatcherServlet 'dispatcherServlet'
2026-02-26 16:07:59.998 [INFO ] 18552 --- [http-nio-8081-exec-1] o.s.web.servlet.DispatcherServlet        : [initServletBean:532] Initializing Servlet 'dispatcherServlet'
2026-02-26 16:08:00.000 [INFO ] 18552 --- [http-nio-8081-exec-1] o.s.web.servlet.DispatcherServlet        : [initServletBean:554] Completed initialization in 0 ms
2026-02-26 16:08:00.032 [INFO ] 18552 --- [http-nio-8081-exec-1] c.erpapp.app.hr.EmployeeController       : [test:16] test
2026-02-26 16:29:18.738 [INFO ] 18552 --- [File Watcher] rtingClassPathChangeChangedEventListener : [onApplicationEvent:211] Restarting due to 3 class path changes (0 additions, 0 deletions, 3 modifications)
2026-02-26 16:29:18.743 [INFO ] 18552 --- [Thread-5] o.s.b.w.e.tomcat.GracefulShutdown        : [shutDownGracefully:54] Commencing graceful shutdown. Waiting for active requests to complete
2026-02-26 16:29:18.744 [INFO ] 18552 --- [tomcat-shutdown] o.a.coyote.http11.Http11NioProtocol      : [log:173] Pausing ProtocolHandler ["http-nio-8081"]
2026-02-26 16:29:18.751 [INFO ] 18552 --- [tomcat-shutdown] o.s.b.w.e.tomcat.GracefulShutdown        : [doShutdown:76] Graceful shutdown complete
2026-02-26 16:29:18.752 [INFO ] 18552 --- [Thread-5] o.a.coyote.http11.Http11NioProtocol      : [log:173] Stopping ProtocolHandler ["http-nio-8081"]
2026-02-26 16:29:18.819 [INFO ] 18552 --- [restartedMain] com.erpapp.app.ErpApplication            : [logStarting:53] Starting ErpApplication using Java 21.0.10 with PID 18552 (D:\workspace-sts\springboot-study\ErpApp\module-app\target\classes started by P088454 in D:\workspace-sts\springboot-study\ErpApp\module-app)
2026-02-26 16:29:18.820 [INFO ] 18552 --- [restartedMain] com.erpapp.app.ErpApplication            : [logStartupProfileInfo:652] No active profile set, falling back to 1 default profile: "default"
2026-02-26 16:29:18.948 [INFO ] 18552 --- [restartedMain] o.s.b.w.e.tomcat.TomcatWebServer         : [initialize:111] Tomcat initialized with port 8081 (http)
2026-02-26 16:29:18.949 [INFO ] 18552 --- [restartedMain] o.a.coyote.http11.Http11NioProtocol      : [log:173] Initializing ProtocolHandler ["http-nio-8081"]
2026-02-26 16:29:18.950 [INFO ] 18552 --- [restartedMain] o.a.catalina.core.StandardService        : [log:173] Starting service [Tomcat]
2026-02-26 16:29:18.951 [INFO ] 18552 --- [restartedMain] o.a.catalina.core.StandardEngine         : [log:173] Starting Servlet engine: [Apache Tomcat/10.1.34]
2026-02-26 16:29:18.969 [INFO ] 18552 --- [restartedMain] o.a.c.c.C.[Tomcat].[localhost].[/]       : [log:173] Initializing Spring embedded WebApplicationContext
2026-02-26 16:29:18.970 [INFO ] 18552 --- [restartedMain] w.s.c.ServletWebServerApplicationContext : [prepareWebApplicationContext:296] Root WebApplicationContext: initialization completed in 148 ms
2026-02-26 16:29:19.034 [INFO ] 18552 --- [restartedMain] o.s.b.d.a.OptionalLiveReloadServer       : [startServer:59] LiveReload server is running on port 35729
2026-02-26 16:29:19.038 [INFO ] 18552 --- [restartedMain] o.a.coyote.http11.Http11NioProtocol      : [log:173] Starting ProtocolHandler ["http-nio-8081"]
2026-02-26 16:29:19.041 [INFO ] 18552 --- [restartedMain] o.s.b.w.e.tomcat.TomcatWebServer         : [start:243] Tomcat started on port 8081 (http) with context path '/'
2026-02-26 16:29:19.044 [INFO ] 18552 --- [restartedMain] com.erpapp.app.ErpApplication            : [logStarted:59] Started ErpApplication in 0.257 seconds (process running for 1283.964)
2026-02-26 16:29:19.046 [INFO ] 18552 --- [restartedMain] .ConditionEvaluationDeltaLoggingListener : [onApplicationEvent:63] Condition evaluation unchanged
2026-02-26 16:29:21.906 [INFO ] 18552 --- [RMI TCP Connection(31)-127.0.0.1] inMXBeanRegistrar$SpringApplicationAdmin : [shutdown:159] Application shutdown requested.
2026-02-26 16:29:21.906 [INFO ] 18552 --- [RMI TCP Connection(31)-127.0.0.1] o.s.b.w.e.tomcat.GracefulShutdown        : [shutDownGracefully:54] Commencing graceful shutdown. Waiting for active requests to complete
2026-02-26 16:29:21.907 [INFO ] 18552 --- [tomcat-shutdown] o.a.coyote.http11.Http11NioProtocol      : [log:173] Pausing ProtocolHandler ["http-nio-8081"]
2026-02-26 16:29:21.913 [INFO ] 18552 --- [tomcat-shutdown] o.s.b.w.e.tomcat.GracefulShutdown        : [doShutdown:76] Graceful shutdown complete
2026-02-26 16:29:21.913 [INFO ] 18552 --- [RMI TCP Connection(31)-127.0.0.1] o.a.coyote.http11.Http11NioProtocol      : [log:173] Stopping ProtocolHandler ["http-nio-8081"]
